<?xml version="1.0" encoding="UTF-8"?>
<!-- Generated by org.testng.reporters.JUnitXMLReporter -->
<testsuite hostname="DESKTOP-Q1GA0HR" ignored="0" name="Default test" tests="3" failures="0" timestamp="2023-01-21T16:44:12 IST" time="0.58" errors="0">
  <testcase name="printAllTestSuiteNames" time="0.221" classname="com.j2wassignment.test.PrintTestResults"/>
  <testcase name="printAllTestResultDetails" time="0.265" classname="com.j2wassignment.test.PrintTestResults"/>
  <testcase name="printAllTestsGreaterThanDuration" time="0.013" classname="com.j2wassignment.test.PrintTestResults"/>
</testsuite> <!-- Default test -->
