<?xml version="1.0" encoding="UTF-8"?>
<testng-results skipped="0" failed="0" ignored="0" total="3" passed="3">
  <reporter-output>
  </reporter-output>
  <suite name="J2E Test Suite" duration-ms="580" started-at="2023-01-21T16:44:11 IST" finished-at="2023-01-21T16:44:11 IST">
    <groups>
    </groups>
    <test name="Default test" duration-ms="580" started-at="2023-01-21T16:44:11 IST" finished-at="2023-01-21T16:44:11 IST">
      <class name="com.j2wassignment.test.PrintTestResults">
        <test-method status="PASS" signature="printAllTestSuiteNames()[pri:0, instance:com.j2wassignment.test.PrintTestResults@3b084709]" name="printAllTestSuiteNames" duration-ms="221" started-at="2023-01-21T16:44:11 IST" finished-at="2023-01-21T16:44:11 IST">
          <reporter-output>
          </reporter-output>
        </test-method> <!-- printAllTestSuiteNames -->
        <test-method status="PASS" signature="printAllTestResultDetails()[pri:1, instance:com.j2wassignment.test.PrintTestResults@3b084709]" name="printAllTestResultDetails" duration-ms="265" started-at="2023-01-21T16:44:11 IST" finished-at="2023-01-21T16:44:11 IST">
          <reporter-output>
          </reporter-output>
        </test-method> <!-- printAllTestResultDetails -->
        <test-method status="PASS" signature="printAllTestsGreaterThanDuration(java.lang.Double)[pri:2, instance:com.j2wassignment.test.PrintTestResults@3b084709]" name="printAllTestsGreaterThanDuration" duration-ms="13" started-at="2023-01-21T16:44:11 IST" finished-at="2023-01-21T16:44:11 IST">
          <params>
            <param index="0">
              <value>
                <![CDATA[10.0]]>
              </value>
            </param>
          </params>
          <reporter-output>
          </reporter-output>
        </test-method> <!-- printAllTestsGreaterThanDuration -->
      </class> <!-- com.j2wassignment.test.PrintTestResults -->
    </test> <!-- Default test -->
  </suite> <!-- J2E Test Suite -->
</testng-results>
